1635855048.120204 client started (12470): version 3.2, socket /private/tmp/tmux-504/default, protocol 8
1635855048.120280 on Darwin 19.6.0 Darwin Kernel Version 19.6.0: Thu May  6 00:48:39 PDT 2021; root:xnu-6153.141.33~1/RELEASE_X86_64
1635855048.120314 using libevent 2.1.12-stable (select); utf8proc 2.6.1; ncurses 6.2
1635855048.120375 flags are 0x10010000
1635855048.120400 socket is /private/tmp/tmux-504/default
1635855048.120433 trying connect
1635855048.120563 add peer 0x7fc5a7531000: 6 (0x0)
1635855048.124040 sending message 100 to peer 0x7fc5a7531000 (4 bytes)
1635855048.124076 sending message 111 to peer 0x7fc5a7531000 (8 bytes)
1635855048.124091 sending message 101 to peer 0x7fc5a7531000 (16 bytes)
1635855048.124104 sending message 109 to peer 0x7fc5a7531000 (4 bytes)
1635855048.124117 sending message 102 to peer 0x7fc5a7531000 (13 bytes)
1635855048.124129 sending message 108 to peer 0x7fc5a7531000 (22 bytes)
1635855048.124141 sending message 112 to peer 0x7fc5a7531000 (70 bytes)
1635855048.124154 sending message 112 to peer 0x7fc5a7531000 (5 bytes)
1635855048.124166 sending message 112 to peer 0x7fc5a7531000 (5 bytes)
1635855048.124177 sending message 112 to peer 0x7fc5a7531000 (6 bytes)
1635855048.124189 sending message 112 to peer 0x7fc5a7531000 (6 bytes)
1635855048.124201 sending message 112 to peer 0x7fc5a7531000 (11 bytes)
1635855048.124213 sending message 112 to peer 0x7fc5a7531000 (10 bytes)
1635855048.124225 sending message 112 to peer 0x7fc5a7531000 (13 bytes)
1635855048.124237 sending message 112 to peer 0x7fc5a7531000 (13 bytes)
1635855048.124249 sending message 112 to peer 0x7fc5a7531000 (18 bytes)
1635855048.124261 sending message 112 to peer 0x7fc5a7531000 (11 bytes)
1635855048.124273 sending message 112 to peer 0x7fc5a7531000 (21 bytes)
1635855048.124285 sending message 112 to peer 0x7fc5a7531000 (13 bytes)
1635855048.124297 sending message 112 to peer 0x7fc5a7531000 (7 bytes)
1635855048.124309 sending message 112 to peer 0x7fc5a7531000 (13 bytes)
1635855048.124321 sending message 112 to peer 0x7fc5a7531000 (7 bytes)
1635855048.124333 sending message 112 to peer 0x7fc5a7531000 (13 bytes)
1635855048.124344 sending message 112 to peer 0x7fc5a7531000 (9 bytes)
1635855048.124356 sending message 112 to peer 0x7fc5a7531000 (21 bytes)
1635855048.124368 sending message 112 to peer 0x7fc5a7531000 (13 bytes)
1635855048.124380 sending message 112 to peer 0x7fc5a7531000 (8 bytes)
1635855048.124391 sending message 112 to peer 0x7fc5a7531000 (12 bytes)
1635855048.124403 sending message 112 to peer 0x7fc5a7531000 (13 bytes)
1635855048.124415 sending message 112 to peer 0x7fc5a7531000 (9 bytes)
1635855048.124427 sending message 112 to peer 0x7fc5a7531000 (9 bytes)
1635855048.124438 sending message 112 to peer 0x7fc5a7531000 (12 bytes)
1635855048.124450 sending message 112 to peer 0x7fc5a7531000 (8 bytes)
1635855048.124462 sending message 112 to peer 0x7fc5a7531000 (7 bytes)
1635855048.124474 sending message 112 to peer 0x7fc5a7531000 (7 bytes)
1635855048.124485 sending message 112 to peer 0x7fc5a7531000 (9 bytes)
1635855048.124497 sending message 112 to peer 0x7fc5a7531000 (13 bytes)
1635855048.124509 sending message 112 to peer 0x7fc5a7531000 (9 bytes)
1635855048.124521 sending message 112 to peer 0x7fc5a7531000 (15 bytes)
1635855048.124533 sending message 112 to peer 0x7fc5a7531000 (13 bytes)
1635855048.124544 sending message 112 to peer 0x7fc5a7531000 (12 bytes)
1635855048.124556 sending message 112 to peer 0x7fc5a7531000 (8 bytes)
1635855048.124571 sending message 112 to peer 0x7fc5a7531000 (14 bytes)
1635855048.124584 sending message 112 to peer 0x7fc5a7531000 (9 bytes)
1635855048.124596 sending message 112 to peer 0x7fc5a7531000 (10 bytes)
1635855048.124608 sending message 112 to peer 0x7fc5a7531000 (10 bytes)
1635855048.124620 sending message 112 to peer 0x7fc5a7531000 (10 bytes)
1635855048.124632 sending message 112 to peer 0x7fc5a7531000 (10 bytes)
1635855048.124644 sending message 112 to peer 0x7fc5a7531000 (11 bytes)
1635855048.124656 sending message 112 to peer 0x7fc5a7531000 (10 bytes)
1635855048.124668 sending message 112 to peer 0x7fc5a7531000 (8 bytes)
1635855048.124697 sending message 112 to peer 0x7fc5a7531000 (11 bytes)
1635855048.124706 sending message 112 to peer 0x7fc5a7531000 (11 bytes)
1635855048.124715 sending message 112 to peer 0x7fc5a7531000 (11 bytes)
1635855048.124723 sending message 112 to peer 0x7fc5a7531000 (8 bytes)
1635855048.124731 sending message 112 to peer 0x7fc5a7531000 (8 bytes)
1635855048.124739 sending message 112 to peer 0x7fc5a7531000 (8 bytes)
1635855048.124747 sending message 112 to peer 0x7fc5a7531000 (10 bytes)
1635855048.124756 sending message 112 to peer 0x7fc5a7531000 (10 bytes)
1635855048.124764 sending message 112 to peer 0x7fc5a7531000 (10 bytes)
1635855048.124772 sending message 112 to peer 0x7fc5a7531000 (10 bytes)
1635855048.124781 sending message 112 to peer 0x7fc5a7531000 (10 bytes)
1635855048.124789 sending message 112 to peer 0x7fc5a7531000 (11 bytes)
1635855048.124797 sending message 112 to peer 0x7fc5a7531000 (11 bytes)
1635855048.124806 sending message 112 to peer 0x7fc5a7531000 (10 bytes)
1635855048.124814 sending message 112 to peer 0x7fc5a7531000 (9 bytes)
1635855048.124822 sending message 112 to peer 0x7fc5a7531000 (9 bytes)
1635855048.124830 sending message 112 to peer 0x7fc5a7531000 (12 bytes)
1635855048.124839 sending message 112 to peer 0x7fc5a7531000 (9 bytes)
1635855048.124847 sending message 112 to peer 0x7fc5a7531000 (6 bytes)
1635855048.124855 sending message 112 to peer 0x7fc5a7531000 (13 bytes)
1635855048.124863 sending message 112 to peer 0x7fc5a7531000 (8 bytes)
1635855048.124871 sending message 112 to peer 0x7fc5a7531000 (15 bytes)
1635855048.124880 sending message 112 to peer 0x7fc5a7531000 (13 bytes)
1635855048.124888 sending message 112 to peer 0x7fc5a7531000 (70 bytes)
1635855048.124897 sending message 112 to peer 0x7fc5a7531000 (69 bytes)
1635855048.124905 sending message 112 to peer 0x7fc5a7531000 (10 bytes)
1635855048.124913 sending message 112 to peer 0x7fc5a7531000 (8 bytes)
1635855048.124925 sending message 112 to peer 0x7fc5a7531000 (15 bytes)
1635855048.124939 sending message 112 to peer 0x7fc5a7531000 (13 bytes)
1635855048.124954 sending message 112 to peer 0x7fc5a7531000 (10 bytes)
1635855048.124969 sending message 112 to peer 0x7fc5a7531000 (10 bytes)
1635855048.124987 sending message 112 to peer 0x7fc5a7531000 (5 bytes)
1635855048.125003 sending message 112 to peer 0x7fc5a7531000 (15 bytes)
1635855048.125034 sending message 104 to peer 0x7fc5a7531000 (0 bytes)
1635855048.125054 sending message 110 to peer 0x7fc5a7531000 (0 bytes)
1635855048.125068 sending message 107 to peer 0x7fc5a7531000 (4 bytes)
1635855048.125082 sending message 105 to peer 0x7fc5a7531000 (26 bytes)
1635855048.125091 sending message 105 to peer 0x7fc5a7531000 (15 bytes)
1635855048.125099 sending message 105 to peer 0x7fc5a7531000 (19 bytes)
1635855048.125107 sending message 105 to peer 0x7fc5a7531000 (58 bytes)
1635855048.125116 sending message 105 to peer 0x7fc5a7531000 (25 bytes)
1635855048.125124 sending message 105 to peer 0x7fc5a7531000 (18 bytes)
1635855048.125136 sending message 105 to peer 0x7fc5a7531000 (54 bytes)
1635855048.125151 sending message 105 to peer 0x7fc5a7531000 (53 bytes)
1635855048.125165 sending message 105 to peer 0x7fc5a7531000 (26 bytes)
1635855048.125178 sending message 105 to peer 0x7fc5a7531000 (42 bytes)
1635855048.125190 sending message 105 to peer 0x7fc5a7531000 (24 bytes)
1635855048.125198 sending message 105 to peer 0x7fc5a7531000 (25 bytes)
1635855048.125210 sending message 105 to peer 0x7fc5a7531000 (57 bytes)
1635855048.125224 sending message 105 to peer 0x7fc5a7531000 (63 bytes)
1635855048.125239 sending message 105 to peer 0x7fc5a7531000 (36 bytes)
1635855048.125252 sending message 105 to peer 0x7fc5a7531000 (23 bytes)
1635855048.125266 sending message 105 to peer 0x7fc5a7531000 (46 bytes)
1635855048.125281 sending message 105 to peer 0x7fc5a7531000 (21 bytes)
1635855048.125296 sending message 105 to peer 0x7fc5a7531000 (57 bytes)
1635855048.125312 sending message 105 to peer 0x7fc5a7531000 (8 bytes)
1635855048.125325 sending message 105 to peer 0x7fc5a7531000 (15 bytes)
1635855048.125353 sending message 105 to peer 0x7fc5a7531000 (147 bytes)
1635855048.125362 sending message 105 to peer 0x7fc5a7531000 (66 bytes)
1635855048.125370 sending message 105 to peer 0x7fc5a7531000 (24 bytes)
1635855048.125378 sending message 105 to peer 0x7fc5a7531000 (14 bytes)
1635855048.125387 sending message 105 to peer 0x7fc5a7531000 (14 bytes)
1635855048.125395 sending message 105 to peer 0x7fc5a7531000 (22 bytes)
1635855048.125403 sending message 105 to peer 0x7fc5a7531000 (18 bytes)
1635855048.125411 sending message 106 to peer 0x7fc5a7531000 (0 bytes)
1635855048.125433 sending message 200 to peer 0x7fc5a7531000 (4 bytes)
1635855048.125443 client loop enter
1635855048.126209 peer 0x7fc5a7531000 message 303
1635855048.126252 open write file 2 -
1635855048.126295 sending message 305 to peer 0x7fc5a7531000 (8 bytes)
1635855048.126344 write check file 2
1635855048.126470 peer 0x7fc5a7531000 message 304
1635855048.126485 write 58 to file 2
1635855048.126517 peer 0x7fc5a7531000 message 203
1635855048.126531 file 2 58 bytes left
1635855048.126588 write check file 2
1635855048.126600 client loop exit
